{"/home/jobsy/Desktop/bw/Backend/knexfile.js": {"path":"/home/jobsy/Desktop/bw/Backend/knexfile.js","statementMap":{"0":{"start":{"line":3,"column":0},"end":{"line":31,"column":2}}},"fnMap":{},"branchMap":{},"s":{"0":3},"f":{},"b":{},"_coverageSchema":"43e27e138ebf9cfc5966b082cf9a028302ed4184","hash":"048e4878ff80fa6fd066461300e12786b92361d7"}
,"/home/jobsy/Desktop/bw/Backend/api/server.js": {"path":"/home/jobsy/Desktop/bw/Backend/api/server.js","statementMap":{"0":{"start":{"line":1,"column":16},"end":{"line":1,"column":34}},"1":{"start":{"line":2,"column":13},"end":{"line":2,"column":28}},"2":{"start":{"line":3,"column":15},"end":{"line":3,"column":32}},"3":{"start":{"line":5,"column":21},"end":{"line":5,"column":63}},"4":{"start":{"line":6,"column":19},"end":{"line":6,"column":49}},"5":{"start":{"line":7,"column":19},"end":{"line":7,"column":49}},"6":{"start":{"line":8,"column":25},"end":{"line":8,"column":61}},"7":{"start":{"line":9,"column":21},"end":{"line":9,"column":55}},"8":{"start":{"line":10,"column":23},"end":{"line":10,"column":61}},"9":{"start":{"line":12,"column":15},"end":{"line":12,"column":24}},"10":{"start":{"line":14,"column":0},"end":{"line":14,"column":21}},"11":{"start":{"line":15,"column":0},"end":{"line":15,"column":19}},"12":{"start":{"line":16,"column":0},"end":{"line":16,"column":27}},"13":{"start":{"line":18,"column":0},"end":{"line":20,"column":3}},"14":{"start":{"line":19,"column":2},"end":{"line":19,"column":28}},"15":{"start":{"line":22,"column":0},"end":{"line":22,"column":44}},"16":{"start":{"line":23,"column":0},"end":{"line":23,"column":59}},"17":{"start":{"line":24,"column":0},"end":{"line":24,"column":71}},"18":{"start":{"line":25,"column":0},"end":{"line":25,"column":63}},"19":{"start":{"line":26,"column":0},"end":{"line":26,"column":67}},"20":{"start":{"line":29,"column":2},"end":{"line":31,"column":4}},"21":{"start":{"line":33,"column":2},"end":{"line":33,"column":9}},"22":{"start":{"line":35,"column":0},"end":{"line":35,"column":24}}},"fnMap":{"0":{"name":"(anonymous_0)","decl":{"start":{"line":18,"column":24},"end":{"line":18,"column":25}},"loc":{"start":{"line":18,"column":38},"end":{"line":20,"column":1}},"line":18},"1":{"name":"logger","decl":{"start":{"line":28,"column":9},"end":{"line":28,"column":15}},"loc":{"start":{"line":28,"column":32},"end":{"line":34,"column":1}},"line":28}},"branchMap":{},"s":{"0":1,"1":1,"2":1,"3":1,"4":1,"5":1,"6":1,"7":1,"8":1,"9":1,"10":1,"11":1,"12":1,"13":1,"14":1,"15":1,"16":1,"17":1,"18":1,"19":1,"20":3,"21":3,"22":1},"f":{"0":1,"1":3},"b":{},"_coverageSchema":"43e27e138ebf9cfc5966b082cf9a028302ed4184","hash":"9de3ad727e4bbd3732c01ecea49367a78a6b52a4"}
,"/home/jobsy/Desktop/bw/Backend/auth/auth-router.js": {"path":"/home/jobsy/Desktop/bw/Backend/auth/auth-router.js","statementMap":{"0":{"start":{"line":1,"column":15},"end":{"line":1,"column":42}},"1":{"start":{"line":2,"column":15},"end":{"line":2,"column":34}},"2":{"start":{"line":3,"column":12},"end":{"line":3,"column":35}},"3":{"start":{"line":5,"column":14},"end":{"line":5,"column":43}},"4":{"start":{"line":7,"column":0},"end":{"line":20,"column":3}},"5":{"start":{"line":8,"column":13},"end":{"line":8,"column":21}},"6":{"start":{"line":9,"column":15},"end":{"line":9,"column":54}},"7":{"start":{"line":10,"column":2},"end":{"line":10,"column":28}},"8":{"start":{"line":12,"column":2},"end":{"line":19,"column":7}},"9":{"start":{"line":14,"column":20},"end":{"line":14,"column":39}},"10":{"start":{"line":15,"column":6},"end":{"line":15,"column":44}},"11":{"start":{"line":18,"column":6},"end":{"line":18,"column":44}},"12":{"start":{"line":22,"column":0},"end":{"line":41,"column":3}},"13":{"start":{"line":23,"column":41},"end":{"line":23,"column":49}},"14":{"start":{"line":25,"column":2},"end":{"line":40,"column":7}},"15":{"start":{"line":28,"column":6},"end":{"line":36,"column":7}},"16":{"start":{"line":29,"column":22},"end":{"line":29,"column":41}},"17":{"start":{"line":30,"column":8},"end":{"line":33,"column":11}},"18":{"start":{"line":35,"column":8},"end":{"line":35,"column":65}},"19":{"start":{"line":39,"column":6},"end":{"line":39,"column":42}},"20":{"start":{"line":44,"column":18},"end":{"line":48,"column":3}},"21":{"start":{"line":49,"column":18},"end":{"line":51,"column":3}},"22":{"start":{"line":53,"column":17},"end":{"line":59,"column":3}},"23":{"start":{"line":61,"column":2},"end":{"line":61,"column":16}},"24":{"start":{"line":64,"column":0},"end":{"line":64,"column":24}}},"fnMap":{"0":{"name":"(anonymous_0)","decl":{"start":{"line":7,"column":25},"end":{"line":7,"column":26}},"loc":{"start":{"line":7,"column":39},"end":{"line":20,"column":1}},"line":7},"1":{"name":"(anonymous_1)","decl":{"start":{"line":13,"column":10},"end":{"line":13,"column":11}},"loc":{"start":{"line":13,"column":21},"end":{"line":16,"column":5}},"line":13},"2":{"name":"(anonymous_2)","decl":{"start":{"line":17,"column":11},"end":{"line":17,"column":12}},"loc":{"start":{"line":17,"column":20},"end":{"line":19,"column":5}},"line":17},"3":{"name":"(anonymous_3)","decl":{"start":{"line":22,"column":22},"end":{"line":22,"column":23}},"loc":{"start":{"line":22,"column":36},"end":{"line":41,"column":1}},"line":22},"4":{"name":"(anonymous_4)","decl":{"start":{"line":27,"column":10},"end":{"line":27,"column":11}},"loc":{"start":{"line":27,"column":18},"end":{"line":37,"column":5}},"line":27},"5":{"name":"(anonymous_5)","decl":{"start":{"line":38,"column":11},"end":{"line":38,"column":12}},"loc":{"start":{"line":38,"column":20},"end":{"line":40,"column":5}},"line":38},"6":{"name":"generateToken","decl":{"start":{"line":43,"column":9},"end":{"line":43,"column":22}},"loc":{"start":{"line":43,"column":29},"end":{"line":62,"column":1}},"line":43}},"branchMap":{"0":{"loc":{"start":{"line":28,"column":6},"end":{"line":36,"column":7}},"type":"if","locations":[{"start":{"line":28,"column":6},"end":{"line":36,"column":7}},{"start":{"line":28,"column":6},"end":{"line":36,"column":7}}],"line":28},"1":{"loc":{"start":{"line":28,"column":10},"end":{"line":28,"column":71}},"type":"binary-expr","locations":[{"start":{"line":28,"column":10},"end":{"line":28,"column":14}},{"start":{"line":28,"column":18},"end":{"line":28,"column":71}}],"line":28},"2":{"loc":{"start":{"line":55,"column":4},"end":{"line":57,"column":26}},"type":"cond-expr","locations":[{"start":{"line":56,"column":8},"end":{"line":56,"column":26}},{"start":{"line":57,"column":8},"end":{"line":57,"column":26}}],"line":55}},"s":{"0":1,"1":1,"2":1,"3":1,"4":1,"5":0,"6":0,"7":0,"8":0,"9":0,"10":0,"11":0,"12":1,"13":1,"14":1,"15":0,"16":0,"17":0,"18":0,"19":1,"20":0,"21":0,"22":0,"23":0,"24":1},"f":{"0":0,"1":0,"2":0,"3":1,"4":0,"5":1,"6":0},"b":{"0":[0,0],"1":[0,0],"2":[0,0]},"_coverageSchema":"43e27e138ebf9cfc5966b082cf9a028302ed4184","hash":"98f2d13978a3d741c64de23cd9c1571f7f327fc7"}
,"/home/jobsy/Desktop/bw/Backend/auth/authenticate-middleware.js": {"path":"/home/jobsy/Desktop/bw/Backend/auth/authenticate-middleware.js","statementMap":{"0":{"start":{"line":1,"column":12},"end":{"line":1,"column":35}},"1":{"start":{"line":3,"column":0},"end":{"line":24,"column":2}},"2":{"start":{"line":4,"column":16},"end":{"line":4,"column":41}},"3":{"start":{"line":6,"column":2},"end":{"line":23,"column":3}},"4":{"start":{"line":7,"column":4},"end":{"line":20,"column":6}},"5":{"start":{"line":13,"column":8},"end":{"line":18,"column":9}},"6":{"start":{"line":14,"column":10},"end":{"line":14,"column":77}},"7":{"start":{"line":16,"column":10},"end":{"line":16,"column":42}},"8":{"start":{"line":17,"column":10},"end":{"line":17,"column":17}},"9":{"start":{"line":22,"column":4},"end":{"line":22,"column":65}}},"fnMap":{"0":{"name":"(anonymous_0)","decl":{"start":{"line":3,"column":17},"end":{"line":3,"column":18}},"loc":{"start":{"line":3,"column":37},"end":{"line":24,"column":1}},"line":3},"1":{"name":"(anonymous_1)","decl":{"start":{"line":12,"column":6},"end":{"line":12,"column":7}},"loc":{"start":{"line":12,"column":29},"end":{"line":19,"column":7}},"line":12}},"branchMap":{"0":{"loc":{"start":{"line":6,"column":2},"end":{"line":23,"column":3}},"type":"if","locations":[{"start":{"line":6,"column":2},"end":{"line":23,"column":3}},{"start":{"line":6,"column":2},"end":{"line":23,"column":3}}],"line":6},"1":{"loc":{"start":{"line":9,"column":6},"end":{"line":11,"column":28}},"type":"cond-expr","locations":[{"start":{"line":10,"column":10},"end":{"line":10,"column":28}},{"start":{"line":11,"column":10},"end":{"line":11,"column":28}}],"line":9},"2":{"loc":{"start":{"line":13,"column":8},"end":{"line":18,"column":9}},"type":"if","locations":[{"start":{"line":13,"column":8},"end":{"line":18,"column":9}},{"start":{"line":13,"column":8},"end":{"line":18,"column":9}}],"line":13}},"s":{"0":1,"1":1,"2":1,"3":1,"4":0,"5":0,"6":0,"7":0,"8":0,"9":1},"f":{"0":1,"1":0},"b":{"0":[0,1],"1":[0,0],"2":[0,0]},"_coverageSchema":"43e27e138ebf9cfc5966b082cf9a028302ed4184","hash":"6efba9e3d19fe853f3c4a5da9416209a97c35bb5"}
,"/home/jobsy/Desktop/bw/Backend/database/db-config.js": {"path":"/home/jobsy/Desktop/bw/Backend/database/db-config.js","statementMap":{"0":{"start":{"line":1,"column":13},"end":{"line":1,"column":28}},"1":{"start":{"line":3,"column":19},"end":{"line":3,"column":44}},"2":{"start":{"line":5,"column":14},"end":{"line":5,"column":49}},"3":{"start":{"line":7,"column":0},"end":{"line":7,"column":41}}},"fnMap":{},"branchMap":{"0":{"loc":{"start":{"line":5,"column":14},"end":{"line":5,"column":49}},"type":"binary-expr","locations":[{"start":{"line":5,"column":14},"end":{"line":5,"column":32}},{"start":{"line":5,"column":36},"end":{"line":5,"column":49}}],"line":5}},"s":{"0":3,"1":3,"2":3,"3":3},"f":{},"b":{"0":[3,0]},"_coverageSchema":"43e27e138ebf9cfc5966b082cf9a028302ed4184","hash":"1312713eec6f524c7c42d690347caa91c21f5532"}
,"/home/jobsy/Desktop/bw/Backend/menuItems/menuItemModel.js": {"path":"/home/jobsy/Desktop/bw/Backend/menuItems/menuItemModel.js","statementMap":{"0":{"start":{"line":2,"column":11},"end":{"line":2,"column":43}},"1":{"start":{"line":4,"column":0},"end":{"line":10,"column":2}},"2":{"start":{"line":13,"column":2},"end":{"line":13,"column":26}},"3":{"start":{"line":17,"column":2},"end":{"line":19,"column":13}},"4":{"start":{"line":23,"column":4},"end":{"line":27,"column":11}},"5":{"start":{"line":26,"column":12},"end":{"line":26,"column":35}},"6":{"start":{"line":31,"column":2},"end":{"line":33,"column":21}},"7":{"start":{"line":37,"column":2},"end":{"line":39,"column":11}}},"fnMap":{"0":{"name":"getAll","decl":{"start":{"line":12,"column":9},"end":{"line":12,"column":15}},"loc":{"start":{"line":12,"column":18},"end":{"line":14,"column":1}},"line":12},"1":{"name":"getById","decl":{"start":{"line":16,"column":9},"end":{"line":16,"column":16}},"loc":{"start":{"line":16,"column":31},"end":{"line":20,"column":1}},"line":16},"2":{"name":"insert","decl":{"start":{"line":22,"column":9},"end":{"line":22,"column":15}},"loc":{"start":{"line":22,"column":27},"end":{"line":28,"column":1}},"line":22},"3":{"name":"(anonymous_3)","decl":{"start":{"line":25,"column":14},"end":{"line":25,"column":15}},"loc":{"start":{"line":25,"column":21},"end":{"line":27,"column":9}},"line":25},"4":{"name":"update","decl":{"start":{"line":30,"column":9},"end":{"line":30,"column":15}},"loc":{"start":{"line":30,"column":39},"end":{"line":34,"column":1}},"line":30},"5":{"name":"remove","decl":{"start":{"line":36,"column":9},"end":{"line":36,"column":15}},"loc":{"start":{"line":36,"column":30},"end":{"line":40,"column":1}},"line":36}},"branchMap":{},"s":{"0":1,"1":1,"2":0,"3":0,"4":0,"5":0,"6":0,"7":0},"f":{"0":0,"1":0,"2":0,"3":0,"4":0,"5":0},"b":{},"_coverageSchema":"43e27e138ebf9cfc5966b082cf9a028302ed4184","hash":"20e37dc518a93e24000ec270aabd99686a9ad65d"}
,"/home/jobsy/Desktop/bw/Backend/menuItems/menuItemRouter.js": {"path":"/home/jobsy/Desktop/bw/Backend/menuItems/menuItemRouter.js","statementMap":{"0":{"start":{"line":1,"column":15},"end":{"line":1,"column":42}},"1":{"start":{"line":3,"column":11},"end":{"line":3,"column":37}},"2":{"start":{"line":5,"column":0},"end":{"line":15,"column":3}},"3":{"start":{"line":6,"column":2},"end":{"line":14,"column":7}},"4":{"start":{"line":8,"column":6},"end":{"line":8,"column":39}},"5":{"start":{"line":11,"column":6},"end":{"line":13,"column":93}},"6":{"start":{"line":17,"column":0},"end":{"line":19,"column":3}},"7":{"start":{"line":18,"column":2},"end":{"line":18,"column":38}},"8":{"start":{"line":21,"column":0},"end":{"line":29,"column":3}},"9":{"start":{"line":22,"column":2},"end":{"line":28,"column":7}},"10":{"start":{"line":24,"column":6},"end":{"line":24,"column":37}},"11":{"start":{"line":27,"column":6},"end":{"line":27,"column":52}},"12":{"start":{"line":31,"column":0},"end":{"line":41,"column":3}},"13":{"start":{"line":32,"column":2},"end":{"line":40,"column":7}},"14":{"start":{"line":34,"column":6},"end":{"line":34,"column":62}},"15":{"start":{"line":37,"column":6},"end":{"line":39,"column":9}},"16":{"start":{"line":43,"column":0},"end":{"line":57,"column":3}},"17":{"start":{"line":44,"column":2},"end":{"line":56,"column":7}},"18":{"start":{"line":46,"column":6},"end":{"line":50,"column":9}},"19":{"start":{"line":53,"column":6},"end":{"line":55,"column":9}},"20":{"start":{"line":60,"column":2},"end":{"line":83,"column":3}},"21":{"start":{"line":61,"column":4},"end":{"line":61,"column":28}},"22":{"start":{"line":62,"column":4},"end":{"line":73,"column":9}},"23":{"start":{"line":64,"column":8},"end":{"line":64,"column":15}},"24":{"start":{"line":67,"column":8},"end":{"line":72,"column":13}},"25":{"start":{"line":75,"column":4},"end":{"line":82,"column":7}},"26":{"start":{"line":76,"column":6},"end":{"line":81,"column":11}},"27":{"start":{"line":87,"column":17},"end":{"line":87,"column":27}},"28":{"start":{"line":88,"column":2},"end":{"line":107,"column":7}},"29":{"start":{"line":90,"column":6},"end":{"line":99,"column":7}},"30":{"start":{"line":91,"column":8},"end":{"line":91,"column":34}},"31":{"start":{"line":92,"column":8},"end":{"line":92,"column":15}},"32":{"start":{"line":94,"column":8},"end":{"line":98,"column":13}},"33":{"start":{"line":102,"column":6},"end":{"line":106,"column":11}},"34":{"start":{"line":110,"column":0},"end":{"line":110,"column":24}}},"fnMap":{"0":{"name":"(anonymous_0)","decl":{"start":{"line":5,"column":16},"end":{"line":5,"column":17}},"loc":{"start":{"line":5,"column":30},"end":{"line":15,"column":1}},"line":5},"1":{"name":"(anonymous_1)","decl":{"start":{"line":7,"column":10},"end":{"line":7,"column":11}},"loc":{"start":{"line":7,"column":24},"end":{"line":9,"column":5}},"line":7},"2":{"name":"(anonymous_2)","decl":{"start":{"line":10,"column":11},"end":{"line":10,"column":12}},"loc":{"start":{"line":10,"column":22},"end":{"line":14,"column":5}},"line":10},"3":{"name":"(anonymous_3)","decl":{"start":{"line":17,"column":44},"end":{"line":17,"column":45}},"loc":{"start":{"line":17,"column":58},"end":{"line":19,"column":1}},"line":17},"4":{"name":"(anonymous_4)","decl":{"start":{"line":21,"column":35},"end":{"line":21,"column":36}},"loc":{"start":{"line":21,"column":49},"end":{"line":29,"column":1}},"line":21},"5":{"name":"(anonymous_5)","decl":{"start":{"line":23,"column":10},"end":{"line":23,"column":11}},"loc":{"start":{"line":23,"column":22},"end":{"line":25,"column":5}},"line":23},"6":{"name":"(anonymous_6)","decl":{"start":{"line":26,"column":11},"end":{"line":26,"column":12}},"loc":{"start":{"line":26,"column":20},"end":{"line":28,"column":5}},"line":26},"7":{"name":"(anonymous_7)","decl":{"start":{"line":31,"column":62},"end":{"line":31,"column":63}},"loc":{"start":{"line":31,"column":76},"end":{"line":41,"column":1}},"line":31},"8":{"name":"(anonymous_8)","decl":{"start":{"line":33,"column":10},"end":{"line":33,"column":11}},"loc":{"start":{"line":33,"column":16},"end":{"line":35,"column":5}},"line":33},"9":{"name":"(anonymous_9)","decl":{"start":{"line":36,"column":11},"end":{"line":36,"column":12}},"loc":{"start":{"line":36,"column":20},"end":{"line":40,"column":5}},"line":36},"10":{"name":"(anonymous_10)","decl":{"start":{"line":43,"column":47},"end":{"line":43,"column":48}},"loc":{"start":{"line":43,"column":61},"end":{"line":57,"column":1}},"line":43},"11":{"name":"(anonymous_11)","decl":{"start":{"line":45,"column":10},"end":{"line":45,"column":11}},"loc":{"start":{"line":45,"column":16},"end":{"line":51,"column":5}},"line":45},"12":{"name":"(anonymous_12)","decl":{"start":{"line":52,"column":11},"end":{"line":52,"column":12}},"loc":{"start":{"line":52,"column":20},"end":{"line":56,"column":5}},"line":52},"13":{"name":"validateMenuItem","decl":{"start":{"line":59,"column":9},"end":{"line":59,"column":25}},"loc":{"start":{"line":59,"column":42},"end":{"line":84,"column":1}},"line":59},"14":{"name":"(anonymous_14)","decl":{"start":{"line":63,"column":12},"end":{"line":63,"column":13}},"loc":{"start":{"line":63,"column":18},"end":{"line":65,"column":7}},"line":63},"15":{"name":"(anonymous_15)","decl":{"start":{"line":66,"column":13},"end":{"line":66,"column":14}},"loc":{"start":{"line":66,"column":20},"end":{"line":73,"column":7}},"line":66},"16":{"name":"(anonymous_16)","decl":{"start":{"line":75,"column":30},"end":{"line":75,"column":31}},"loc":{"start":{"line":75,"column":37},"end":{"line":82,"column":5}},"line":75},"17":{"name":"validateUserMenu_itemId","decl":{"start":{"line":86,"column":9},"end":{"line":86,"column":32}},"loc":{"start":{"line":86,"column":49},"end":{"line":108,"column":1}},"line":86},"18":{"name":"(anonymous_18)","decl":{"start":{"line":89,"column":10},"end":{"line":89,"column":11}},"loc":{"start":{"line":89,"column":23},"end":{"line":100,"column":5}},"line":89},"19":{"name":"(anonymous_19)","decl":{"start":{"line":101,"column":11},"end":{"line":101,"column":12}},"loc":{"start":{"line":101,"column":18},"end":{"line":107,"column":5}},"line":101}},"branchMap":{"0":{"loc":{"start":{"line":60,"column":2},"end":{"line":83,"column":3}},"type":"if","locations":[{"start":{"line":60,"column":2},"end":{"line":83,"column":3}},{"start":{"line":60,"column":2},"end":{"line":83,"column":3}}],"line":60},"1":{"loc":{"start":{"line":90,"column":6},"end":{"line":99,"column":7}},"type":"if","locations":[{"start":{"line":90,"column":6},"end":{"line":99,"column":7}},{"start":{"line":90,"column":6},"end":{"line":99,"column":7}}],"line":90}},"s":{"0":1,"1":1,"2":1,"3":0,"4":0,"5":0,"6":1,"7":0,"8":1,"9":0,"10":0,"11":0,"12":1,"13":0,"14":0,"15":0,"16":1,"17":0,"18":0,"19":0,"20":0,"21":0,"22":0,"23":0,"24":0,"25":0,"26":0,"27":0,"28":0,"29":0,"30":0,"31":0,"32":0,"33":0,"34":1},"f":{"0":0,"1":0,"2":0,"3":0,"4":0,"5":0,"6":0,"7":0,"8":0,"9":0,"10":0,"11":0,"12":0,"13":0,"14":0,"15":0,"16":0,"17":0,"18":0,"19":0},"b":{"0":[0,0],"1":[0,0]},"_coverageSchema":"43e27e138ebf9cfc5966b082cf9a028302ed4184","hash":"f493b77506158946ca4f0358f82232da53ddb6cf"}
,"/home/jobsy/Desktop/bw/Backend/restaurants/restModel.js": {"path":"/home/jobsy/Desktop/bw/Backend/restaurants/restModel.js","statementMap":{"0":{"start":{"line":1,"column":11},"end":{"line":1,"column":43}},"1":{"start":{"line":3,"column":0},"end":{"line":9,"column":2}},"2":{"start":{"line":12,"column":2},"end":{"line":12,"column":27}},"3":{"start":{"line":16,"column":2},"end":{"line":18,"column":13}},"4":{"start":{"line":22,"column":2},"end":{"line":26,"column":7}},"5":{"start":{"line":25,"column":6},"end":{"line":25,"column":29}},"6":{"start":{"line":30,"column":2},"end":{"line":32,"column":21}},"7":{"start":{"line":36,"column":2},"end":{"line":38,"column":11}}},"fnMap":{"0":{"name":"getAll","decl":{"start":{"line":11,"column":9},"end":{"line":11,"column":15}},"loc":{"start":{"line":11,"column":18},"end":{"line":13,"column":1}},"line":11},"1":{"name":"getById","decl":{"start":{"line":15,"column":9},"end":{"line":15,"column":16}},"loc":{"start":{"line":15,"column":32},"end":{"line":19,"column":1}},"line":15},"2":{"name":"insert","decl":{"start":{"line":21,"column":9},"end":{"line":21,"column":15}},"loc":{"start":{"line":21,"column":28},"end":{"line":27,"column":1}},"line":21},"3":{"name":"(anonymous_3)","decl":{"start":{"line":24,"column":10},"end":{"line":24,"column":11}},"loc":{"start":{"line":24,"column":17},"end":{"line":26,"column":5}},"line":24},"4":{"name":"update","decl":{"start":{"line":29,"column":9},"end":{"line":29,"column":15}},"loc":{"start":{"line":29,"column":40},"end":{"line":33,"column":1}},"line":29},"5":{"name":"remove","decl":{"start":{"line":35,"column":9},"end":{"line":35,"column":15}},"loc":{"start":{"line":35,"column":31},"end":{"line":39,"column":1}},"line":35}},"branchMap":{},"s":{"0":2,"1":2,"2":0,"3":3,"4":4,"5":3,"6":0,"7":0},"f":{"0":0,"1":3,"2":4,"3":3,"4":0,"5":0},"b":{},"_coverageSchema":"43e27e138ebf9cfc5966b082cf9a028302ed4184","hash":"24d9a213cc94dc31cd0209a099a2a8c533d78fbe"}
,"/home/jobsy/Desktop/bw/Backend/restaurants/restRouter.js": {"path":"/home/jobsy/Desktop/bw/Backend/restaurants/restRouter.js","statementMap":{"0":{"start":{"line":1,"column":15},"end":{"line":1,"column":42}},"1":{"start":{"line":3,"column":11},"end":{"line":3,"column":33}},"2":{"start":{"line":5,"column":0},"end":{"line":15,"column":3}},"3":{"start":{"line":6,"column":2},"end":{"line":14,"column":7}},"4":{"start":{"line":8,"column":6},"end":{"line":8,"column":40}},"5":{"start":{"line":11,"column":6},"end":{"line":13,"column":80}},"6":{"start":{"line":17,"column":0},"end":{"line":19,"column":3}},"7":{"start":{"line":18,"column":2},"end":{"line":18,"column":40}},"8":{"start":{"line":21,"column":0},"end":{"line":29,"column":3}},"9":{"start":{"line":22,"column":2},"end":{"line":28,"column":7}},"10":{"start":{"line":24,"column":6},"end":{"line":24,"column":39}},"11":{"start":{"line":27,"column":6},"end":{"line":27,"column":52}},"12":{"start":{"line":31,"column":0},"end":{"line":45,"column":3}},"13":{"start":{"line":32,"column":2},"end":{"line":44,"column":7}},"14":{"start":{"line":34,"column":6},"end":{"line":38,"column":9}},"15":{"start":{"line":41,"column":6},"end":{"line":43,"column":9}},"16":{"start":{"line":47,"column":0},"end":{"line":57,"column":3}},"17":{"start":{"line":48,"column":2},"end":{"line":56,"column":7}},"18":{"start":{"line":50,"column":6},"end":{"line":50,"column":64}},"19":{"start":{"line":53,"column":6},"end":{"line":55,"column":9}},"20":{"start":{"line":61,"column":17},"end":{"line":61,"column":27}},"21":{"start":{"line":62,"column":2},"end":{"line":77,"column":7}},"22":{"start":{"line":64,"column":6},"end":{"line":71,"column":7}},"23":{"start":{"line":65,"column":8},"end":{"line":65,"column":38}},"24":{"start":{"line":66,"column":8},"end":{"line":66,"column":15}},"25":{"start":{"line":68,"column":8},"end":{"line":70,"column":11}},"26":{"start":{"line":74,"column":6},"end":{"line":76,"column":9}},"27":{"start":{"line":81,"column":2},"end":{"line":91,"column":3}},"28":{"start":{"line":82,"column":4},"end":{"line":88,"column":5}},"29":{"start":{"line":83,"column":6},"end":{"line":83,"column":13}},"30":{"start":{"line":85,"column":6},"end":{"line":87,"column":68}},"31":{"start":{"line":90,"column":4},"end":{"line":90,"column":59}},"32":{"start":{"line":94,"column":0},"end":{"line":94,"column":24}}},"fnMap":{"0":{"name":"(anonymous_0)","decl":{"start":{"line":5,"column":16},"end":{"line":5,"column":17}},"loc":{"start":{"line":5,"column":30},"end":{"line":15,"column":1}},"line":5},"1":{"name":"(anonymous_1)","decl":{"start":{"line":7,"column":10},"end":{"line":7,"column":11}},"loc":{"start":{"line":7,"column":25},"end":{"line":9,"column":5}},"line":7},"2":{"name":"(anonymous_2)","decl":{"start":{"line":10,"column":11},"end":{"line":10,"column":12}},"loc":{"start":{"line":10,"column":17},"end":{"line":14,"column":5}},"line":10},"3":{"name":"(anonymous_3)","decl":{"start":{"line":17,"column":41},"end":{"line":17,"column":42}},"loc":{"start":{"line":17,"column":55},"end":{"line":19,"column":1}},"line":17},"4":{"name":"(anonymous_4)","decl":{"start":{"line":21,"column":37},"end":{"line":21,"column":38}},"loc":{"start":{"line":21,"column":51},"end":{"line":29,"column":1}},"line":21},"5":{"name":"(anonymous_5)","decl":{"start":{"line":23,"column":10},"end":{"line":23,"column":11}},"loc":{"start":{"line":23,"column":24},"end":{"line":25,"column":5}},"line":23},"6":{"name":"(anonymous_6)","decl":{"start":{"line":26,"column":11},"end":{"line":26,"column":12}},"loc":{"start":{"line":26,"column":20},"end":{"line":28,"column":5}},"line":26},"7":{"name":"(anonymous_7)","decl":{"start":{"line":31,"column":44},"end":{"line":31,"column":45}},"loc":{"start":{"line":31,"column":58},"end":{"line":45,"column":1}},"line":31},"8":{"name":"(anonymous_8)","decl":{"start":{"line":33,"column":10},"end":{"line":33,"column":11}},"loc":{"start":{"line":33,"column":16},"end":{"line":39,"column":5}},"line":33},"9":{"name":"(anonymous_9)","decl":{"start":{"line":40,"column":11},"end":{"line":40,"column":12}},"loc":{"start":{"line":40,"column":20},"end":{"line":44,"column":5}},"line":40},"10":{"name":"(anonymous_10)","decl":{"start":{"line":47,"column":60},"end":{"line":47,"column":61}},"loc":{"start":{"line":47,"column":74},"end":{"line":57,"column":1}},"line":47},"11":{"name":"(anonymous_11)","decl":{"start":{"line":49,"column":10},"end":{"line":49,"column":11}},"loc":{"start":{"line":49,"column":16},"end":{"line":51,"column":5}},"line":49},"12":{"name":"(anonymous_12)","decl":{"start":{"line":52,"column":11},"end":{"line":52,"column":12}},"loc":{"start":{"line":52,"column":20},"end":{"line":56,"column":5}},"line":52},"13":{"name":"validateRestaurantId","decl":{"start":{"line":60,"column":9},"end":{"line":60,"column":29}},"loc":{"start":{"line":60,"column":46},"end":{"line":78,"column":1}},"line":60},"14":{"name":"(anonymous_14)","decl":{"start":{"line":63,"column":10},"end":{"line":63,"column":11}},"loc":{"start":{"line":63,"column":25},"end":{"line":72,"column":5}},"line":63},"15":{"name":"(anonymous_15)","decl":{"start":{"line":73,"column":11},"end":{"line":73,"column":12}},"loc":{"start":{"line":73,"column":18},"end":{"line":77,"column":5}},"line":73},"16":{"name":"validateRestaurant","decl":{"start":{"line":80,"column":9},"end":{"line":80,"column":27}},"loc":{"start":{"line":80,"column":44},"end":{"line":92,"column":1}},"line":80}},"branchMap":{"0":{"loc":{"start":{"line":64,"column":6},"end":{"line":71,"column":7}},"type":"if","locations":[{"start":{"line":64,"column":6},"end":{"line":71,"column":7}},{"start":{"line":64,"column":6},"end":{"line":71,"column":7}}],"line":64},"1":{"loc":{"start":{"line":81,"column":2},"end":{"line":91,"column":3}},"type":"if","locations":[{"start":{"line":81,"column":2},"end":{"line":91,"column":3}},{"start":{"line":81,"column":2},"end":{"line":91,"column":3}}],"line":81},"2":{"loc":{"start":{"line":82,"column":4},"end":{"line":88,"column":5}},"type":"if","locations":[{"start":{"line":82,"column":4},"end":{"line":88,"column":5}},{"start":{"line":82,"column":4},"end":{"line":88,"column":5}}],"line":82},"3":{"loc":{"start":{"line":82,"column":8},"end":{"line":82,"column":63}},"type":"binary-expr","locations":[{"start":{"line":82,"column":8},"end":{"line":82,"column":32}},{"start":{"line":82,"column":36},"end":{"line":82,"column":63}}],"line":82}},"s":{"0":1,"1":1,"2":1,"3":0,"4":0,"5":0,"6":1,"7":0,"8":1,"9":0,"10":0,"11":0,"12":1,"13":0,"14":0,"15":0,"16":1,"17":0,"18":0,"19":0,"20":0,"21":0,"22":0,"23":0,"24":0,"25":0,"26":0,"27":0,"28":0,"29":0,"30":0,"31":0,"32":1},"f":{"0":0,"1":0,"2":0,"3":0,"4":0,"5":0,"6":0,"7":0,"8":0,"9":0,"10":0,"11":0,"12":0,"13":0,"14":0,"15":0,"16":0},"b":{"0":[0,0],"1":[0,0],"2":[0,0],"3":[0,0]},"_coverageSchema":"43e27e138ebf9cfc5966b082cf9a028302ed4184","hash":"a11d7f67c58177288ddb1fc486c909d5c0b8622a"}
,"/home/jobsy/Desktop/bw/Backend/reviews/reviewModel.js": {"path":"/home/jobsy/Desktop/bw/Backend/reviews/reviewModel.js","statementMap":{"0":{"start":{"line":1,"column":11},"end":{"line":1,"column":43}},"1":{"start":{"line":3,"column":0},"end":{"line":9,"column":2}},"2":{"start":{"line":12,"column":4},"end":{"line":12,"column":34}},"3":{"start":{"line":16,"column":4},"end":{"line":18,"column":17}},"4":{"start":{"line":22,"column":4},"end":{"line":26,"column":11}},"5":{"start":{"line":25,"column":12},"end":{"line":25,"column":35}},"6":{"start":{"line":30,"column":4},"end":{"line":32,"column":23}},"7":{"start":{"line":36,"column":4},"end":{"line":38,"column":13}}},"fnMap":{"0":{"name":"getAll","decl":{"start":{"line":11,"column":9},"end":{"line":11,"column":15}},"loc":{"start":{"line":11,"column":18},"end":{"line":13,"column":1}},"line":11},"1":{"name":"getById","decl":{"start":{"line":15,"column":9},"end":{"line":15,"column":16}},"loc":{"start":{"line":15,"column":37},"end":{"line":19,"column":1}},"line":15},"2":{"name":"insert","decl":{"start":{"line":21,"column":9},"end":{"line":21,"column":15}},"loc":{"start":{"line":21,"column":33},"end":{"line":27,"column":1}},"line":21},"3":{"name":"(anonymous_3)","decl":{"start":{"line":24,"column":14},"end":{"line":24,"column":15}},"loc":{"start":{"line":24,"column":21},"end":{"line":26,"column":9}},"line":24},"4":{"name":"update","decl":{"start":{"line":29,"column":9},"end":{"line":29,"column":15}},"loc":{"start":{"line":29,"column":45},"end":{"line":33,"column":3}},"line":29},"5":{"name":"remove","decl":{"start":{"line":35,"column":11},"end":{"line":35,"column":17}},"loc":{"start":{"line":35,"column":38},"end":{"line":39,"column":3}},"line":35}},"branchMap":{},"s":{"0":1,"1":1,"2":0,"3":0,"4":0,"5":0,"6":0,"7":0},"f":{"0":0,"1":0,"2":0,"3":0,"4":0,"5":0},"b":{},"_coverageSchema":"43e27e138ebf9cfc5966b082cf9a028302ed4184","hash":"32843c69b2d12d0b5b8e7a854a773b2f34b5be0a"}
,"/home/jobsy/Desktop/bw/Backend/reviews/reviewRouter.js": {"path":"/home/jobsy/Desktop/bw/Backend/reviews/reviewRouter.js","statementMap":{"0":{"start":{"line":1,"column":15},"end":{"line":1,"column":42}},"1":{"start":{"line":3,"column":11},"end":{"line":3,"column":35}},"2":{"start":{"line":5,"column":0},"end":{"line":15,"column":3}},"3":{"start":{"line":6,"column":2},"end":{"line":14,"column":7}},"4":{"start":{"line":8,"column":6},"end":{"line":8,"column":35}},"5":{"start":{"line":11,"column":6},"end":{"line":13,"column":75}},"6":{"start":{"line":17,"column":0},"end":{"line":19,"column":3}},"7":{"start":{"line":18,"column":2},"end":{"line":18,"column":36}},"8":{"start":{"line":21,"column":0},"end":{"line":29,"column":3}},"9":{"start":{"line":22,"column":2},"end":{"line":28,"column":7}},"10":{"start":{"line":24,"column":6},"end":{"line":24,"column":35}},"11":{"start":{"line":27,"column":6},"end":{"line":27,"column":52}},"12":{"start":{"line":30,"column":0},"end":{"line":40,"column":3}},"13":{"start":{"line":31,"column":2},"end":{"line":39,"column":7}},"14":{"start":{"line":33,"column":6},"end":{"line":33,"column":60}},"15":{"start":{"line":36,"column":6},"end":{"line":38,"column":9}},"16":{"start":{"line":42,"column":0},"end":{"line":56,"column":3}},"17":{"start":{"line":43,"column":2},"end":{"line":55,"column":7}},"18":{"start":{"line":45,"column":6},"end":{"line":49,"column":9}},"19":{"start":{"line":52,"column":6},"end":{"line":54,"column":9}},"20":{"start":{"line":59,"column":2},"end":{"line":69,"column":3}},"21":{"start":{"line":60,"column":4},"end":{"line":66,"column":5}},"22":{"start":{"line":61,"column":6},"end":{"line":61,"column":13}},"23":{"start":{"line":63,"column":6},"end":{"line":65,"column":72}},"24":{"start":{"line":68,"column":4},"end":{"line":68,"column":61}},"25":{"start":{"line":73,"column":17},"end":{"line":73,"column":27}},"26":{"start":{"line":74,"column":2},"end":{"line":89,"column":7}},"27":{"start":{"line":76,"column":6},"end":{"line":83,"column":7}},"28":{"start":{"line":77,"column":8},"end":{"line":77,"column":30}},"29":{"start":{"line":78,"column":8},"end":{"line":78,"column":15}},"30":{"start":{"line":80,"column":8},"end":{"line":82,"column":11}},"31":{"start":{"line":86,"column":6},"end":{"line":88,"column":9}},"32":{"start":{"line":92,"column":0},"end":{"line":92,"column":24}}},"fnMap":{"0":{"name":"(anonymous_0)","decl":{"start":{"line":5,"column":16},"end":{"line":5,"column":17}},"loc":{"start":{"line":5,"column":30},"end":{"line":15,"column":1}},"line":5},"1":{"name":"(anonymous_1)","decl":{"start":{"line":7,"column":10},"end":{"line":7,"column":11}},"loc":{"start":{"line":7,"column":20},"end":{"line":9,"column":5}},"line":7},"2":{"name":"(anonymous_2)","decl":{"start":{"line":10,"column":11},"end":{"line":10,"column":12}},"loc":{"start":{"line":10,"column":17},"end":{"line":14,"column":5}},"line":10},"3":{"name":"(anonymous_3)","decl":{"start":{"line":17,"column":45},"end":{"line":17,"column":46}},"loc":{"start":{"line":17,"column":59},"end":{"line":19,"column":1}},"line":17},"4":{"name":"(anonymous_4)","decl":{"start":{"line":21,"column":33},"end":{"line":21,"column":34}},"loc":{"start":{"line":21,"column":47},"end":{"line":29,"column":1}},"line":21},"5":{"name":"(anonymous_5)","decl":{"start":{"line":23,"column":10},"end":{"line":23,"column":11}},"loc":{"start":{"line":23,"column":20},"end":{"line":25,"column":5}},"line":23},"6":{"name":"(anonymous_6)","decl":{"start":{"line":26,"column":11},"end":{"line":26,"column":12}},"loc":{"start":{"line":26,"column":20},"end":{"line":28,"column":5}},"line":26},"7":{"name":"(anonymous_7)","decl":{"start":{"line":30,"column":61},"end":{"line":30,"column":62}},"loc":{"start":{"line":30,"column":75},"end":{"line":40,"column":1}},"line":30},"8":{"name":"(anonymous_8)","decl":{"start":{"line":32,"column":10},"end":{"line":32,"column":11}},"loc":{"start":{"line":32,"column":16},"end":{"line":34,"column":5}},"line":32},"9":{"name":"(anonymous_9)","decl":{"start":{"line":35,"column":11},"end":{"line":35,"column":12}},"loc":{"start":{"line":35,"column":20},"end":{"line":39,"column":5}},"line":35},"10":{"name":"(anonymous_10)","decl":{"start":{"line":42,"column":48},"end":{"line":42,"column":49}},"loc":{"start":{"line":42,"column":62},"end":{"line":56,"column":1}},"line":42},"11":{"name":"(anonymous_11)","decl":{"start":{"line":44,"column":10},"end":{"line":44,"column":11}},"loc":{"start":{"line":44,"column":16},"end":{"line":50,"column":5}},"line":44},"12":{"name":"(anonymous_12)","decl":{"start":{"line":51,"column":11},"end":{"line":51,"column":12}},"loc":{"start":{"line":51,"column":20},"end":{"line":55,"column":5}},"line":51},"13":{"name":"validateReview","decl":{"start":{"line":58,"column":9},"end":{"line":58,"column":23}},"loc":{"start":{"line":58,"column":40},"end":{"line":70,"column":1}},"line":58},"14":{"name":"validateUserRestaurantId","decl":{"start":{"line":72,"column":9},"end":{"line":72,"column":33}},"loc":{"start":{"line":72,"column":50},"end":{"line":90,"column":1}},"line":72},"15":{"name":"(anonymous_15)","decl":{"start":{"line":75,"column":10},"end":{"line":75,"column":11}},"loc":{"start":{"line":75,"column":21},"end":{"line":84,"column":5}},"line":75},"16":{"name":"(anonymous_16)","decl":{"start":{"line":85,"column":11},"end":{"line":85,"column":12}},"loc":{"start":{"line":85,"column":18},"end":{"line":89,"column":5}},"line":85}},"branchMap":{"0":{"loc":{"start":{"line":59,"column":2},"end":{"line":69,"column":3}},"type":"if","locations":[{"start":{"line":59,"column":2},"end":{"line":69,"column":3}},{"start":{"line":59,"column":2},"end":{"line":69,"column":3}}],"line":59},"1":{"loc":{"start":{"line":60,"column":4},"end":{"line":66,"column":5}},"type":"if","locations":[{"start":{"line":60,"column":4},"end":{"line":66,"column":5}},{"start":{"line":60,"column":4},"end":{"line":66,"column":5}}],"line":60},"2":{"loc":{"start":{"line":76,"column":6},"end":{"line":83,"column":7}},"type":"if","locations":[{"start":{"line":76,"column":6},"end":{"line":83,"column":7}},{"start":{"line":76,"column":6},"end":{"line":83,"column":7}}],"line":76}},"s":{"0":1,"1":1,"2":1,"3":0,"4":0,"5":0,"6":1,"7":0,"8":1,"9":0,"10":0,"11":0,"12":1,"13":0,"14":0,"15":0,"16":1,"17":0,"18":0,"19":0,"20":0,"21":0,"22":0,"23":0,"24":0,"25":0,"26":0,"27":0,"28":0,"29":0,"30":0,"31":0,"32":1},"f":{"0":0,"1":0,"2":0,"3":0,"4":0,"5":0,"6":0,"7":0,"8":0,"9":0,"10":0,"11":0,"12":0,"13":0,"14":0,"15":0,"16":0},"b":{"0":[0,0],"1":[0,0],"2":[0,0]},"_coverageSchema":"43e27e138ebf9cfc5966b082cf9a028302ed4184","hash":"80d6eced91adb6c4ad9cd18ee010b79e65b56734"}
,"/home/jobsy/Desktop/bw/Backend/users/userModel.js": {"path":"/home/jobsy/Desktop/bw/Backend/users/userModel.js","statementMap":{"0":{"start":{"line":2,"column":11},"end":{"line":2,"column":43}},"1":{"start":{"line":4,"column":0},"end":{"line":17,"column":2}},"2":{"start":{"line":20,"column":20},"end":{"line":20,"column":61}},"3":{"start":{"line":21,"column":18},"end":{"line":21,"column":41}},"4":{"start":{"line":22,"column":2},"end":{"line":22,"column":17}},"5":{"start":{"line":26,"column":2},"end":{"line":34,"column":13}},"6":{"start":{"line":38,"column":2},"end":{"line":38,"column":35}},"7":{"start":{"line":42,"column":2},"end":{"line":47,"column":4}},"8":{"start":{"line":51,"column":2},"end":{"line":53,"column":21}},"9":{"start":{"line":57,"column":2},"end":{"line":59,"column":11}},"10":{"start":{"line":63,"column":2},"end":{"line":66,"column":85}},"11":{"start":{"line":71,"column":2},"end":{"line":74,"column":85}},"12":{"start":{"line":86,"column":2},"end":{"line":91,"column":72}},"13":{"start":{"line":103,"column":2},"end":{"line":107,"column":146}},"14":{"start":{"line":124,"column":2},"end":{"line":129,"column":58}},"15":{"start":{"line":144,"column":2},"end":{"line":148,"column":134}}},"fnMap":{"0":{"name":"add","decl":{"start":{"line":19,"column":15},"end":{"line":19,"column":18}},"loc":{"start":{"line":19,"column":25},"end":{"line":23,"column":1}},"line":19},"1":{"name":"findById","decl":{"start":{"line":25,"column":9},"end":{"line":25,"column":17}},"loc":{"start":{"line":25,"column":27},"end":{"line":35,"column":1}},"line":25},"2":{"name":"findBy","decl":{"start":{"line":37,"column":9},"end":{"line":37,"column":15}},"loc":{"start":{"line":37,"column":24},"end":{"line":39,"column":1}},"line":37},"3":{"name":"getAllUsers","decl":{"start":{"line":41,"column":9},"end":{"line":41,"column":20}},"loc":{"start":{"line":41,"column":23},"end":{"line":48,"column":1}},"line":41},"4":{"name":"update","decl":{"start":{"line":50,"column":9},"end":{"line":50,"column":15}},"loc":{"start":{"line":50,"column":34},"end":{"line":54,"column":1}},"line":50},"5":{"name":"remove","decl":{"start":{"line":56,"column":9},"end":{"line":56,"column":15}},"loc":{"start":{"line":56,"column":25},"end":{"line":61,"column":1}},"line":56},"6":{"name":"getAllRestaurantsByUser","decl":{"start":{"line":62,"column":9},"end":{"line":62,"column":32}},"loc":{"start":{"line":62,"column":59},"end":{"line":67,"column":1}},"line":62},"7":{"name":"getAllReviewsByUser","decl":{"start":{"line":70,"column":9},"end":{"line":70,"column":28}},"loc":{"start":{"line":70,"column":55},"end":{"line":75,"column":1}},"line":70},"8":{"name":"getAllCuisineByUser","decl":{"start":{"line":85,"column":9},"end":{"line":85,"column":28}},"loc":{"start":{"line":85,"column":74},"end":{"line":92,"column":1}},"line":85},"9":{"name":"getAllPricesByUser","decl":{"start":{"line":102,"column":9},"end":{"line":102,"column":27}},"loc":{"start":{"line":102,"column":70},"end":{"line":108,"column":1}},"line":102},"10":{"name":"getAllRatingsByUser","decl":{"start":{"line":123,"column":9},"end":{"line":123,"column":28}},"loc":{"start":{"line":123,"column":73},"end":{"line":130,"column":1}},"line":123},"11":{"name":"getAllRestaurantNameByUser","decl":{"start":{"line":143,"column":9},"end":{"line":143,"column":35}},"loc":{"start":{"line":143,"column":78},"end":{"line":149,"column":1}},"line":143}},"branchMap":{},"s":{"0":2,"1":2,"2":4,"3":3,"4":3,"5":3,"6":1,"7":0,"8":0,"9":0,"10":0,"11":0,"12":0,"13":0,"14":0,"15":0},"f":{"0":4,"1":3,"2":1,"3":0,"4":0,"5":0,"6":0,"7":0,"8":0,"9":0,"10":0,"11":0},"b":{},"_coverageSchema":"43e27e138ebf9cfc5966b082cf9a028302ed4184","hash":"44a9a6726847a636d85f2503fb10ba3a89d7fcd3"}
,"/home/jobsy/Desktop/bw/Backend/users/userRouter.js": {"path":"/home/jobsy/Desktop/bw/Backend/users/userRouter.js","statementMap":{"0":{"start":{"line":1,"column":15},"end":{"line":1,"column":42}},"1":{"start":{"line":3,"column":14},"end":{"line":3,"column":36}},"2":{"start":{"line":4,"column":21},"end":{"line":4,"column":63}},"3":{"start":{"line":6,"column":0},"end":{"line":20,"column":3}},"4":{"start":{"line":7,"column":4},"end":{"line":19,"column":5}},"5":{"start":{"line":8,"column":8},"end":{"line":14,"column":15}},"6":{"start":{"line":10,"column":16},"end":{"line":10,"column":44}},"7":{"start":{"line":13,"column":16},"end":{"line":13,"column":49}},"8":{"start":{"line":16,"column":8},"end":{"line":18,"column":11}},"9":{"start":{"line":22,"column":0},"end":{"line":36,"column":3}},"10":{"start":{"line":23,"column":17},"end":{"line":23,"column":27}},"11":{"start":{"line":24,"column":4},"end":{"line":34,"column":10}},"12":{"start":{"line":27,"column":12},"end":{"line":29,"column":13}},"13":{"start":{"line":28,"column":16},"end":{"line":28,"column":99}},"14":{"start":{"line":30,"column":12},"end":{"line":30,"column":48}},"15":{"start":{"line":33,"column":12},"end":{"line":33,"column":111}},"16":{"start":{"line":38,"column":0},"end":{"line":53,"column":2}},"17":{"start":{"line":39,"column":41},"end":{"line":39,"column":51}},"18":{"start":{"line":40,"column":20},"end":{"line":40,"column":23}},"19":{"start":{"line":42,"column":4},"end":{"line":52,"column":10}},"20":{"start":{"line":45,"column":12},"end":{"line":47,"column":13}},"21":{"start":{"line":46,"column":16},"end":{"line":46,"column":109}},"22":{"start":{"line":48,"column":12},"end":{"line":48,"column":100}},"23":{"start":{"line":51,"column":12},"end":{"line":51,"column":107}},"24":{"start":{"line":56,"column":0},"end":{"line":71,"column":2}},"25":{"start":{"line":57,"column":41},"end":{"line":57,"column":51}},"26":{"start":{"line":58,"column":20},"end":{"line":58,"column":23}},"27":{"start":{"line":60,"column":4},"end":{"line":70,"column":10}},"28":{"start":{"line":63,"column":12},"end":{"line":65,"column":13}},"29":{"start":{"line":64,"column":16},"end":{"line":64,"column":109}},"30":{"start":{"line":66,"column":12},"end":{"line":66,"column":100}},"31":{"start":{"line":69,"column":12},"end":{"line":69,"column":107}},"32":{"start":{"line":74,"column":0},"end":{"line":91,"column":2}},"33":{"start":{"line":75,"column":59},"end":{"line":75,"column":69}},"34":{"start":{"line":76,"column":20},"end":{"line":76,"column":23}},"35":{"start":{"line":80,"column":4},"end":{"line":90,"column":10}},"36":{"start":{"line":83,"column":12},"end":{"line":85,"column":13}},"37":{"start":{"line":84,"column":16},"end":{"line":84,"column":109}},"38":{"start":{"line":86,"column":12},"end":{"line":86,"column":100}},"39":{"start":{"line":89,"column":12},"end":{"line":89,"column":107}},"40":{"start":{"line":93,"column":0},"end":{"line":108,"column":2}},"41":{"start":{"line":94,"column":56},"end":{"line":94,"column":66}},"42":{"start":{"line":95,"column":20},"end":{"line":95,"column":23}},"43":{"start":{"line":97,"column":4},"end":{"line":107,"column":10}},"44":{"start":{"line":100,"column":12},"end":{"line":102,"column":13}},"45":{"start":{"line":101,"column":16},"end":{"line":101,"column":109}},"46":{"start":{"line":103,"column":12},"end":{"line":103,"column":100}},"47":{"start":{"line":106,"column":12},"end":{"line":106,"column":107}},"48":{"start":{"line":111,"column":0},"end":{"line":126,"column":2}},"49":{"start":{"line":112,"column":58},"end":{"line":112,"column":68}},"50":{"start":{"line":113,"column":20},"end":{"line":113,"column":23}},"51":{"start":{"line":115,"column":4},"end":{"line":125,"column":10}},"52":{"start":{"line":118,"column":12},"end":{"line":120,"column":13}},"53":{"start":{"line":119,"column":16},"end":{"line":119,"column":109}},"54":{"start":{"line":121,"column":12},"end":{"line":121,"column":100}},"55":{"start":{"line":124,"column":12},"end":{"line":124,"column":107}},"56":{"start":{"line":129,"column":0},"end":{"line":144,"column":2}},"57":{"start":{"line":130,"column":56},"end":{"line":130,"column":66}},"58":{"start":{"line":131,"column":20},"end":{"line":131,"column":23}},"59":{"start":{"line":133,"column":4},"end":{"line":143,"column":10}},"60":{"start":{"line":136,"column":12},"end":{"line":138,"column":13}},"61":{"start":{"line":137,"column":16},"end":{"line":137,"column":109}},"62":{"start":{"line":139,"column":12},"end":{"line":139,"column":100}},"63":{"start":{"line":142,"column":12},"end":{"line":142,"column":107}},"64":{"start":{"line":147,"column":0},"end":{"line":147,"column":24}}},"fnMap":{"0":{"name":"(anonymous_0)","decl":{"start":{"line":6,"column":30},"end":{"line":6,"column":31}},"loc":{"start":{"line":6,"column":44},"end":{"line":20,"column":1}},"line":6},"1":{"name":"(anonymous_1)","decl":{"start":{"line":9,"column":18},"end":{"line":9,"column":19}},"loc":{"start":{"line":9,"column":27},"end":{"line":11,"column":13}},"line":9},"2":{"name":"(anonymous_2)","decl":{"start":{"line":12,"column":19},"end":{"line":12,"column":20}},"loc":{"start":{"line":12,"column":26},"end":{"line":14,"column":13}},"line":12},"3":{"name":"(anonymous_3)","decl":{"start":{"line":22,"column":33},"end":{"line":22,"column":34}},"loc":{"start":{"line":22,"column":47},"end":{"line":36,"column":1}},"line":22},"4":{"name":"(anonymous_4)","decl":{"start":{"line":25,"column":14},"end":{"line":25,"column":15}},"loc":{"start":{"line":25,"column":24},"end":{"line":31,"column":9}},"line":25},"5":{"name":"(anonymous_5)","decl":{"start":{"line":32,"column":15},"end":{"line":32,"column":16}},"loc":{"start":{"line":32,"column":24},"end":{"line":34,"column":9}},"line":32},"6":{"name":"(anonymous_6)","decl":{"start":{"line":38,"column":56},"end":{"line":38,"column":57}},"loc":{"start":{"line":38,"column":70},"end":{"line":53,"column":1}},"line":38},"7":{"name":"(anonymous_7)","decl":{"start":{"line":43,"column":14},"end":{"line":43,"column":15}},"loc":{"start":{"line":43,"column":34},"end":{"line":49,"column":9}},"line":43},"8":{"name":"(anonymous_8)","decl":{"start":{"line":50,"column":15},"end":{"line":50,"column":16}},"loc":{"start":{"line":50,"column":24},"end":{"line":52,"column":9}},"line":50},"9":{"name":"(anonymous_9)","decl":{"start":{"line":56,"column":52},"end":{"line":56,"column":53}},"loc":{"start":{"line":56,"column":66},"end":{"line":71,"column":1}},"line":56},"10":{"name":"(anonymous_10)","decl":{"start":{"line":61,"column":14},"end":{"line":61,"column":15}},"loc":{"start":{"line":61,"column":34},"end":{"line":67,"column":9}},"line":61},"11":{"name":"(anonymous_11)","decl":{"start":{"line":68,"column":15},"end":{"line":68,"column":16}},"loc":{"start":{"line":68,"column":24},"end":{"line":70,"column":9}},"line":68},"12":{"name":"(anonymous_12)","decl":{"start":{"line":74,"column":73},"end":{"line":74,"column":74}},"loc":{"start":{"line":74,"column":87},"end":{"line":91,"column":1}},"line":74},"13":{"name":"(anonymous_13)","decl":{"start":{"line":81,"column":14},"end":{"line":81,"column":15}},"loc":{"start":{"line":81,"column":34},"end":{"line":87,"column":9}},"line":81},"14":{"name":"(anonymous_14)","decl":{"start":{"line":88,"column":15},"end":{"line":88,"column":16}},"loc":{"start":{"line":88,"column":24},"end":{"line":90,"column":9}},"line":88},"15":{"name":"(anonymous_15)","decl":{"start":{"line":93,"column":67},"end":{"line":93,"column":68}},"loc":{"start":{"line":93,"column":81},"end":{"line":108,"column":1}},"line":93},"16":{"name":"(anonymous_16)","decl":{"start":{"line":98,"column":14},"end":{"line":98,"column":15}},"loc":{"start":{"line":98,"column":34},"end":{"line":104,"column":9}},"line":98},"17":{"name":"(anonymous_17)","decl":{"start":{"line":105,"column":15},"end":{"line":105,"column":16}},"loc":{"start":{"line":105,"column":24},"end":{"line":107,"column":9}},"line":105},"18":{"name":"(anonymous_18)","decl":{"start":{"line":111,"column":71},"end":{"line":111,"column":72}},"loc":{"start":{"line":111,"column":85},"end":{"line":126,"column":1}},"line":111},"19":{"name":"(anonymous_19)","decl":{"start":{"line":116,"column":14},"end":{"line":116,"column":15}},"loc":{"start":{"line":116,"column":34},"end":{"line":122,"column":9}},"line":116},"20":{"name":"(anonymous_20)","decl":{"start":{"line":123,"column":15},"end":{"line":123,"column":16}},"loc":{"start":{"line":123,"column":24},"end":{"line":125,"column":9}},"line":123},"21":{"name":"(anonymous_21)","decl":{"start":{"line":129,"column":77},"end":{"line":129,"column":78}},"loc":{"start":{"line":129,"column":91},"end":{"line":144,"column":1}},"line":129},"22":{"name":"(anonymous_22)","decl":{"start":{"line":134,"column":14},"end":{"line":134,"column":15}},"loc":{"start":{"line":134,"column":34},"end":{"line":140,"column":9}},"line":134},"23":{"name":"(anonymous_23)","decl":{"start":{"line":141,"column":15},"end":{"line":141,"column":16}},"loc":{"start":{"line":141,"column":24},"end":{"line":143,"column":9}},"line":141}},"branchMap":{"0":{"loc":{"start":{"line":7,"column":4},"end":{"line":19,"column":5}},"type":"if","locations":[{"start":{"line":7,"column":4},"end":{"line":19,"column":5}},{"start":{"line":7,"column":4},"end":{"line":19,"column":5}}],"line":7},"1":{"loc":{"start":{"line":27,"column":12},"end":{"line":29,"column":13}},"type":"if","locations":[{"start":{"line":27,"column":12},"end":{"line":29,"column":13}},{"start":{"line":27,"column":12},"end":{"line":29,"column":13}}],"line":27},"2":{"loc":{"start":{"line":45,"column":12},"end":{"line":47,"column":13}},"type":"if","locations":[{"start":{"line":45,"column":12},"end":{"line":47,"column":13}},{"start":{"line":45,"column":12},"end":{"line":47,"column":13}}],"line":45},"3":{"loc":{"start":{"line":63,"column":12},"end":{"line":65,"column":13}},"type":"if","locations":[{"start":{"line":63,"column":12},"end":{"line":65,"column":13}},{"start":{"line":63,"column":12},"end":{"line":65,"column":13}}],"line":63},"4":{"loc":{"start":{"line":83,"column":12},"end":{"line":85,"column":13}},"type":"if","locations":[{"start":{"line":83,"column":12},"end":{"line":85,"column":13}},{"start":{"line":83,"column":12},"end":{"line":85,"column":13}}],"line":83},"5":{"loc":{"start":{"line":100,"column":12},"end":{"line":102,"column":13}},"type":"if","locations":[{"start":{"line":100,"column":12},"end":{"line":102,"column":13}},{"start":{"line":100,"column":12},"end":{"line":102,"column":13}}],"line":100},"6":{"loc":{"start":{"line":118,"column":12},"end":{"line":120,"column":13}},"type":"if","locations":[{"start":{"line":118,"column":12},"end":{"line":120,"column":13}},{"start":{"line":118,"column":12},"end":{"line":120,"column":13}}],"line":118},"7":{"loc":{"start":{"line":136,"column":12},"end":{"line":138,"column":13}},"type":"if","locations":[{"start":{"line":136,"column":12},"end":{"line":138,"column":13}},{"start":{"line":136,"column":12},"end":{"line":138,"column":13}}],"line":136}},"s":{"0":1,"1":1,"2":1,"3":1,"4":0,"5":0,"6":0,"7":0,"8":0,"9":1,"10":0,"11":0,"12":0,"13":0,"14":0,"15":0,"16":1,"17":0,"18":0,"19":0,"20":0,"21":0,"22":0,"23":0,"24":1,"25":0,"26":0,"27":0,"28":0,"29":0,"30":0,"31":0,"32":1,"33":0,"34":0,"35":0,"36":0,"37":0,"38":0,"39":0,"40":1,"41":0,"42":0,"43":0,"44":0,"45":0,"46":0,"47":0,"48":1,"49":0,"50":0,"51":0,"52":0,"53":0,"54":0,"55":0,"56":1,"57":0,"58":0,"59":0,"60":0,"61":0,"62":0,"63":0,"64":1},"f":{"0":0,"1":0,"2":0,"3":0,"4":0,"5":0,"6":0,"7":0,"8":0,"9":0,"10":0,"11":0,"12":0,"13":0,"14":0,"15":0,"16":0,"17":0,"18":0,"19":0,"20":0,"21":0,"22":0,"23":0},"b":{"0":[0,0],"1":[0,0],"2":[0,0],"3":[0,0],"4":[0,0],"5":[0,0],"6":[0,0],"7":[0,0]},"_coverageSchema":"43e27e138ebf9cfc5966b082cf9a028302ed4184","hash":"947e84a02a6fb525a2b158ad0295c5fdbb748c95"}
}
